[09-Dec-2015 17:49:11 America/Bogota] ¡Pilas! Array
(
    [0] => 23503
    [1] => 7
    [2] => ERROR:  inserción o actualización en la tabla «sucursal» viola la llave foránea «Ref_sucursal_to_empresa»
DETAIL:  La llave (nit_empresa)=(891806000-1) no está presente en la tabla «empresa».
)

[09-Dec-2015 17:50:56 America/Bogota] ¡Pilas! Array
(
    [0] => 23505
    [1] => 7
    [2] => ERROR:  llave duplicada viola restricción de unicidad «sucursal_pkey»
DETAIL:  Ya existe la llave (id_sucursal)=(a).
)

[10-Dec-2015 20:03:19 America/Bogota] ¡Pilas! Array
(
    [0] => 23503
    [1] => 7
    [2] => ERROR:  inserción o actualización en la tabla «sucursal» viola la llave foránea «fk_localidad»
DETAIL:  La llave (localidad)=() no está presente en la tabla «localidad».
)

[10-Dec-2015 20:08:23 America/Bogota] ¡Pilas! Array
(
    [0] => 23505
    [1] => 7
    [2] => ERROR:  llave duplicada viola restricción de unicidad «sucursal_pkey»
DETAIL:  Ya existe la llave (id_sucursal)=(a).
)

[10-Dec-2015 20:09:26 America/Bogota] ¡Pilas! Array
(
    [0] => 23505
    [1] => 7
    [2] => ERROR:  llave duplicada viola restricción de unicidad «sucursal_pkey»
DETAIL:  Ya existe la llave (id_sucursal)=(nn).
)

[10-Dec-2015 20:19:19 America/Bogota] ¡Pilas! Array
(
    [0] => 23505
    [1] => 7
    [2] => ERROR:  llave duplicada viola restricción de unicidad «sucursal_pkey»
DETAIL:  Ya existe la llave (id_sucursal)=(nn).
)

[10-Dec-2015 20:19:26 America/Bogota] ¡Pilas! Array
(
    [0] => 23503
    [1] => 7
    [2] => ERROR:  inserción o actualización en la tabla «sucursal» viola la llave foránea «Ref_sucursal_to_empresa»
DETAIL:  La llave (nit_empresa)=(0) no está presente en la tabla «empresa».
)

[10-Dec-2015 20:19:32 America/Bogota] ¡Pilas! Array
(
    [0] => 23505
    [1] => 7
    [2] => ERROR:  llave duplicada viola restricción de unicidad «sucursal_pkey»
DETAIL:  Ya existe la llave (id_sucursal)=(nn).
)

